
2025-03-07 20:33:45,865 - Voice tracking started
2025-03-07 20:33:46,629 - Voice activity started
2025-03-07 20:33:50,282 - Voice activity ended - Duration: 3.7 seconds
2025-03-07 20:33:51,109 - Voice activity started
2025-03-07 20:33:58,606 - Call detected - Duration: 7.5 seconds
2025-03-07 20:33:58,848 - Voice activity started
2025-03-07 20:33:59,107 - Voice tracking stopped
2025-03-08 02:07:29,043 - Voice tracking started
2025-03-08 02:07:29,771 - Voice activity started - speaking
2025-03-08 02:08:01,262 - Call detected - Duration: 31.5 seconds
2025-03-08 02:08:02,412 - Voice activity started - speaking
2025-03-08 02:08:14,835 - Call detected - Duration: 12.4 seconds
2025-03-08 02:08:15,403 - Voice activity started - shouting
2025-03-08 02:08:17,321 - Voice tracking stopped
2025-03-08 02:09:08,240 - Voice tracking started
2025-03-08 02:09:09,294 - Voice activity started - speaking
2025-03-08 02:09:13,775 - Voice activity ended - Duration: 4.5 seconds
2025-03-08 02:09:16,845 - Voice activity started - speaking
2025-03-08 02:09:22,924 - Call detected - Duration: 6.1 seconds
2025-03-08 02:09:24,599 - Voice activity started - speaking
2025-03-08 02:09:26,958 - Voice activity ended - Duration: 2.4 seconds
2025-03-08 02:09:30,415 - Voice activity started - speaking
2025-03-08 02:09:32,786 - Voice activity ended - Duration: 2.4 seconds
2025-03-08 02:09:32,847 - Voice activity started - shouting
2025-03-08 02:09:36,878 - Voice activity ended - Duration: 4.0 seconds
2025-03-08 02:09:38,286 - Voice activity started - speaking
2025-03-08 02:09:41,359 - Voice activity ended - Duration: 3.1 seconds
2025-03-08 02:09:42,446 - Voice activity started - speaking
2025-03-08 02:09:57,106 - Call detected - Duration: 14.7 seconds
2025-03-08 02:09:57,879 - Voice activity started - speaking
2025-03-08 02:10:01,401 - Voice tracking stopped
